{"uuid":"83a89b25-d151-4de8-9a99-3406146d89c7","historyId":"6dc1cb61f279a4e371df4be3a2d6dec9","fullName":"LoginFunctionalityTest.instagramLoginValidation","labels":[{"name":"package","value":"LoginFunctionalityTest"},{"name":"testClass","value":"LoginFunctionalityTest"},{"name":"testMethod","value":"instagramLoginValidation"},{"name":"parentSuite","value":"Default Suite"},{"name":"suite","value":"Instagram-login-test-with-dataProvider"},{"name":"subSuite","value":"LoginFunctionalityTest"},{"name":"host","value":"DESKTOP-8MSQHMH"},{"name":"thread","value":"19596@DESKTOP-8MSQHMH.main(1)"},{"name":"framework","value":"testng"},{"name":"language","value":"java"}],"links":[],"name":"instagramLoginValidation","status":"failed","statusDetails":{"known":false,"muted":false,"flaky":false,"message":"Element not found {._acan _acap _acas _aj1-}\r\nExpected: interactable\r\nScreenshot: file:/C:/Users/mylaptop.ge/Desktop/dataProvider/Data-Provider-Instagram/Instagram-login-test-with-dataProvider/build/reports/tests/1692538881566.0.png\r\nPage source: file:/C:/Users/mylaptop.ge/Desktop/dataProvider/Data-Provider-Instagram/Instagram-login-test-with-dataProvider/build/reports/tests/1692538881566.0.html\r\nTimeout: 4 s.\r\nCaused by: NoSuchElementException: no such element: Unable to locate element: {\"method\":\"css selector\",\"selector\":\"._acan _acap _acas _aj1-\"}","trace":"Element not found {._acan _acap _acas _aj1-}\r\nExpected: interactable\r\nScreenshot: file:/C:/Users/mylaptop.ge/Desktop/dataProvider/Data-Provider-Instagram/Instagram-login-test-with-dataProvider/build/reports/tests/1692538881566.0.png\r\nPage source: file:/C:/Users/mylaptop.ge/Desktop/dataProvider/Data-Provider-Instagram/Instagram-login-test-with-dataProvider/build/reports/tests/1692538881566.0.html\r\nTimeout: 4 s.\r\nCaused by: NoSuchElementException: no such element: Unable to locate element: {\"method\":\"css selector\",\"selector\":\"._acan _acap _acas _aj1-\"}\r\n\tat com.codeborne.selenide.impl.WebElementSource.createElementNotFoundError(WebElementSource.java:88)\r\n\tat com.codeborne.selenide.impl.ElementFinder.createElementNotFoundError(ElementFinder.java:142)\r\n\tat com.codeborne.selenide.impl.WebElementSource.handleError(WebElementSource.java:140)\r\n\tat com.codeborne.selenide.impl.WebElementSource.checkConditionAndReturnElement(WebElementSource.java:124)\r\n\tat com.codeborne.selenide.impl.WebElementSource.findAndAssertElementIsInteractable(WebElementSource.java:158)\r\n\tat com.codeborne.selenide.commands.Click.findElement(Click.java:46)\r\n\tat com.codeborne.selenide.commands.Click.execute(Click.java:28)\r\n\tat com.codeborne.selenide.commands.Click.execute(Click.java:21)\r\n\tat com.codeborne.selenide.commands.Commands.execute(Commands.java:159)\r\n\tat com.codeborne.selenide.impl.SelenideElementProxy.dispatchAndRetry(SelenideElementProxy.java:132)\r\n\tat com.codeborne.selenide.impl.SelenideElementProxy.invoke(SelenideElementProxy.java:84)\r\n\tat jdk.proxy2/jdk.proxy2.$Proxy5.click(Unknown Source)\r\n\tat Steps.InstagramLoginSteps.clickLoginButton(InstagramLoginSteps.java:23)\r\n\tat LoginFunctionalityTest.instagramLoginValidation(LoginFunctionalityTest.java:15)\r\n\tat java.base/jdk.internal.reflect.NativeMethodAccessorImpl.invoke0(Native Method)\r\n\tat java.base/jdk.internal.reflect.NativeMethodAccessorImpl.invoke(NativeMethodAccessorImpl.java:77)\r\n\tat java.base/jdk.internal.reflect.DelegatingMethodAccessorImpl.invoke(DelegatingMethodAccessorImpl.java:43)\r\n\tat java.base/java.lang.reflect.Method.invoke(Method.java:568)\r\n\tat org.testng.internal.invokers.MethodInvocationHelper.invokeMethod(MethodInvocationHelper.java:139)\r\n\tat org.testng.internal.invokers.TestInvoker.invokeMethod(TestInvoker.java:677)\r\n\tat org.testng.internal.invokers.TestInvoker.invokeTestMethod(TestInvoker.java:221)\r\n\tat org.testng.internal.invokers.MethodRunner.runInSequence(MethodRunner.java:50)\r\n\tat org.testng.internal.invokers.TestInvoker$MethodInvocationAgent.invoke(TestInvoker.java:969)\r\n\tat org.testng.internal.invokers.TestInvoker.invokeTestMethods(TestInvoker.java:194)\r\n\tat org.testng.internal.invokers.TestMethodWorker.invokeTestMethods(TestMethodWorker.java:148)\r\n\tat org.testng.internal.invokers.TestMethodWorker.run(TestMethodWorker.java:128)\r\n\tat java.base/java.util.ArrayList.forEach(ArrayList.java:1511)\r\n\tat org.testng.TestRunner.privateRun(TestRunner.java:829)\r\n\tat org.testng.TestRunner.run(TestRunner.java:602)\r\n\tat org.testng.SuiteRunner.runTest(SuiteRunner.java:437)\r\n\tat org.testng.SuiteRunner.runSequentially(SuiteRunner.java:431)\r\n\tat org.testng.SuiteRunner.privateRun(SuiteRunner.java:391)\r\n\tat org.testng.SuiteRunner.run(SuiteRunner.java:330)\r\n\tat org.testng.SuiteRunnerWorker.runSuite(SuiteRunnerWorker.java:52)\r\n\tat org.testng.SuiteRunnerWorker.run(SuiteRunnerWorker.java:95)\r\n\tat org.testng.TestNG.runSuitesSequentially(TestNG.java:1256)\r\n\tat org.testng.TestNG.runSuitesLocally(TestNG.java:1176)\r\n\tat org.testng.TestNG.runSuites(TestNG.java:1099)\r\n\tat org.testng.TestNG.run(TestNG.java:1067)\r\n\tat com.intellij.rt.testng.IDEARemoteTestNG.run(IDEARemoteTestNG.java:66)\r\n\tat com.intellij.rt.testng.RemoteTestNGStarter.main(RemoteTestNGStarter.java:105)\r\nCaused by: org.openqa.selenium.NoSuchElementException: no such element: Unable to locate element: {\"method\":\"css selector\",\"selector\":\"._acan _acap _acas _aj1-\"}\n  (Session info: chrome=115.0.5790.110)\nFor documentation on this error, please visit: https://selenium.dev/exceptions/#no_such_element\nBuild info: version: '4.8.1', revision: '8ebccac989'\nSystem info: os.name: 'Windows 10', os.arch: 'amd64', os.version: '10.0', java.version: '17.0.7'\nDriver info: org.openqa.selenium.chrome.ChromeDriver\nCommand: [db53a47453da0178f9393b561d3e7415, findElement {using=css selector, value=._acan _acap _acas _aj1-}]\nCapabilities {acceptInsecureCerts: true, browserName: chrome, browserVersion: 115.0.5790.110, chrome: {chromedriverVersion: 114.0.5735.90 (386bc09e8f4f..., userDataDir: C:\\Users\\mylaptop.ge\\AppDat...}, goog:chromeOptions: {debuggerAddress: localhost:55457}, networkConnectionEnabled: false, pageLoadStrategy: normal, platformName: WINDOWS, proxy: Proxy(), se:cdp: ws://localhost:55457/devtoo..., se:cdpVersion: 115.0.5790.110, setWindowRect: true, strictFileInteractability: false, timeouts: {implicit: 0, pageLoad: 300000, script: 30000}, unhandledPromptBehavior: accept, webauthn:extension:credBlob: true, webauthn:extension:largeBlob: true, webauthn:extension:minPinLength: true, webauthn:extension:prf: true, webauthn:virtualAuthenticators: true}\nSession ID: db53a47453da0178f9393b561d3e7415\r\n\tat jdk.internal.reflect.GeneratedConstructorAccessor14.newInstance(Unknown Source)\r\n\tat java.base/jdk.internal.reflect.DelegatingConstructorAccessorImpl.newInstance(DelegatingConstructorAccessorImpl.java:45)\r\n\tat java.base/java.lang.reflect.Constructor.newInstanceWithCaller(Constructor.java:499)\r\n\tat java.base/java.lang.reflect.Constructor.newInstance(Constructor.java:480)\r\n\tat org.openqa.selenium.remote.codec.w3c.W3CHttpResponseCodec.createException(W3CHttpResponseCodec.java:200)\r\n\tat org.openqa.selenium.remote.codec.w3c.W3CHttpResponseCodec.decode(W3CHttpResponseCodec.java:133)\r\n\tat org.openqa.selenium.remote.codec.w3c.W3CHttpResponseCodec.decode(W3CHttpResponseCodec.java:53)\r\n\tat org.openqa.selenium.remote.HttpCommandExecutor.execute(HttpCommandExecutor.java:184)\r\n\tat org.openqa.selenium.remote.service.DriverCommandExecutor.invokeExecute(DriverCommandExecutor.java:167)\r\n\tat org.openqa.selenium.remote.service.DriverCommandExecutor.execute(DriverCommandExecutor.java:142)\r\n\tat org.openqa.selenium.remote.RemoteWebDriver.execute(RemoteWebDriver.java:543)\r\n\tat org.openqa.selenium.remote.ElementLocation$ElementFinder$2.findElement(ElementLocation.java:162)\r\n\tat org.openqa.selenium.remote.ElementLocation.findElement(ElementLocation.java:60)\r\n\tat org.openqa.selenium.remote.RemoteWebDriver.findElement(RemoteWebDriver.java:352)\r\n\tat org.openqa.selenium.remote.RemoteWebDriver.findElement(RemoteWebDriver.java:344)\r\n\tat com.codeborne.selenide.impl.WebElementSelector.findElement(WebElementSelector.java:70)\r\n\tat com.codeborne.selenide.impl.WebElementSelector.findElement(WebElementSelector.java:44)\r\n\tat com.codeborne.selenide.impl.WebElementSelector.findElement(WebElementSelector.java:33)\r\n\tat com.codeborne.selenide.impl.ElementFinder.getWebElement(ElementFinder.java:122)\r\n\tat com.codeborne.selenide.impl.WebElementSource.checkConditionAndReturnElement(WebElementSource.java:113)\r\n\t... 37 more\r\n"},"stage":"finished","steps":[{"name":"fillUsernameInput","status":"passed","stage":"finished","steps":[],"attachments":[],"parameters":[{"name":"username","value":"Catalonia"}],"start":1692538876916,"stop":1692538877325},{"name":"fillPasswordInput","status":"passed","stage":"finished","steps":[],"attachments":[],"parameters":[{"name":"password","value":"Barcelona"}],"start":1692538877325,"stop":1692538877561},{"name":"clickLoginButton","status":"failed","statusDetails":{"known":false,"muted":false,"flaky":false,"message":"Element not found {._acan _acap _acas _aj1-}\r\nExpected: interactable\r\nScreenshot: file:/C:/Users/mylaptop.ge/Desktop/dataProvider/Data-Provider-Instagram/Instagram-login-test-with-dataProvider/build/reports/tests/1692538881566.0.png\r\nPage source: file:/C:/Users/mylaptop.ge/Desktop/dataProvider/Data-Provider-Instagram/Instagram-login-test-with-dataProvider/build/reports/tests/1692538881566.0.html\r\nTimeout: 4 s.\r\nCaused by: NoSuchElementException: no such element: Unable to locate element: {\"method\":\"css selector\",\"selector\":\"._acan _acap _acas _aj1-\"}","trace":"Element not found {._acan _acap _acas _aj1-}\r\nExpected: interactable\r\nScreenshot: file:/C:/Users/mylaptop.ge/Desktop/dataProvider/Data-Provider-Instagram/Instagram-login-test-with-dataProvider/build/reports/tests/1692538881566.0.png\r\nPage source: file:/C:/Users/mylaptop.ge/Desktop/dataProvider/Data-Provider-Instagram/Instagram-login-test-with-dataProvider/build/reports/tests/1692538881566.0.html\r\nTimeout: 4 s.\r\nCaused by: NoSuchElementException: no such element: Unable to locate element: {\"method\":\"css selector\",\"selector\":\"._acan _acap _acas _aj1-\"}\r\n\tat com.codeborne.selenide.impl.WebElementSource.createElementNotFoundError(WebElementSource.java:88)\r\n\tat com.codeborne.selenide.impl.ElementFinder.createElementNotFoundError(ElementFinder.java:142)\r\n\tat com.codeborne.selenide.impl.WebElementSource.handleError(WebElementSource.java:140)\r\n\tat com.codeborne.selenide.impl.WebElementSource.checkConditionAndReturnElement(WebElementSource.java:124)\r\n\tat com.codeborne.selenide.impl.WebElementSource.findAndAssertElementIsInteractable(WebElementSource.java:158)\r\n\tat com.codeborne.selenide.commands.Click.findElement(Click.java:46)\r\n\tat com.codeborne.selenide.commands.Click.execute(Click.java:28)\r\n\tat com.codeborne.selenide.commands.Click.execute(Click.java:21)\r\n\tat com.codeborne.selenide.commands.Commands.execute(Commands.java:159)\r\n\tat com.codeborne.selenide.impl.SelenideElementProxy.dispatchAndRetry(SelenideElementProxy.java:132)\r\n\tat com.codeborne.selenide.impl.SelenideElementProxy.invoke(SelenideElementProxy.java:84)\r\n\tat jdk.proxy2/jdk.proxy2.$Proxy5.click(Unknown Source)\r\n\tat Steps.InstagramLoginSteps.clickLoginButton(InstagramLoginSteps.java:23)\r\n\tat LoginFunctionalityTest.instagramLoginValidation(LoginFunctionalityTest.java:15)\r\n\tat java.base/jdk.internal.reflect.NativeMethodAccessorImpl.invoke0(Native Method)\r\n\tat java.base/jdk.internal.reflect.NativeMethodAccessorImpl.invoke(NativeMethodAccessorImpl.java:77)\r\n\tat java.base/jdk.internal.reflect.DelegatingMethodAccessorImpl.invoke(DelegatingMethodAccessorImpl.java:43)\r\n\tat java.base/java.lang.reflect.Method.invoke(Method.java:568)\r\n\tat org.testng.internal.invokers.MethodInvocationHelper.invokeMethod(MethodInvocationHelper.java:139)\r\n\tat org.testng.internal.invokers.TestInvoker.invokeMethod(TestInvoker.java:677)\r\n\tat org.testng.internal.invokers.TestInvoker.invokeTestMethod(TestInvoker.java:221)\r\n\tat org.testng.internal.invokers.MethodRunner.runInSequence(MethodRunner.java:50)\r\n\tat org.testng.internal.invokers.TestInvoker$MethodInvocationAgent.invoke(TestInvoker.java:969)\r\n\tat org.testng.internal.invokers.TestInvoker.invokeTestMethods(TestInvoker.java:194)\r\n\tat org.testng.internal.invokers.TestMethodWorker.invokeTestMethods(TestMethodWorker.java:148)\r\n\tat org.testng.internal.invokers.TestMethodWorker.run(TestMethodWorker.java:128)\r\n\tat java.base/java.util.ArrayList.forEach(ArrayList.java:1511)\r\n\tat org.testng.TestRunner.privateRun(TestRunner.java:829)\r\n\tat org.testng.TestRunner.run(TestRunner.java:602)\r\n\tat org.testng.SuiteRunner.runTest(SuiteRunner.java:437)\r\n\tat org.testng.SuiteRunner.runSequentially(SuiteRunner.java:431)\r\n\tat org.testng.SuiteRunner.privateRun(SuiteRunner.java:391)\r\n\tat org.testng.SuiteRunner.run(SuiteRunner.java:330)\r\n\tat org.testng.SuiteRunnerWorker.runSuite(SuiteRunnerWorker.java:52)\r\n\tat org.testng.SuiteRunnerWorker.run(SuiteRunnerWorker.java:95)\r\n\tat org.testng.TestNG.runSuitesSequentially(TestNG.java:1256)\r\n\tat org.testng.TestNG.runSuitesLocally(TestNG.java:1176)\r\n\tat org.testng.TestNG.runSuites(TestNG.java:1099)\r\n\tat org.testng.TestNG.run(TestNG.java:1067)\r\n\tat com.intellij.rt.testng.IDEARemoteTestNG.run(IDEARemoteTestNG.java:66)\r\n\tat com.intellij.rt.testng.RemoteTestNGStarter.main(RemoteTestNGStarter.java:105)\r\nCaused by: org.openqa.selenium.NoSuchElementException: no such element: Unable to locate element: {\"method\":\"css selector\",\"selector\":\"._acan _acap _acas _aj1-\"}\n  (Session info: chrome=115.0.5790.110)\nFor documentation on this error, please visit: https://selenium.dev/exceptions/#no_such_element\nBuild info: version: '4.8.1', revision: '8ebccac989'\nSystem info: os.name: 'Windows 10', os.arch: 'amd64', os.version: '10.0', java.version: '17.0.7'\nDriver info: org.openqa.selenium.chrome.ChromeDriver\nCommand: [db53a47453da0178f9393b561d3e7415, findElement {using=css selector, value=._acan _acap _acas _aj1-}]\nCapabilities {acceptInsecureCerts: true, browserName: chrome, browserVersion: 115.0.5790.110, chrome: {chromedriverVersion: 114.0.5735.90 (386bc09e8f4f..., userDataDir: C:\\Users\\mylaptop.ge\\AppDat...}, goog:chromeOptions: {debuggerAddress: localhost:55457}, networkConnectionEnabled: false, pageLoadStrategy: normal, platformName: WINDOWS, proxy: Proxy(), se:cdp: ws://localhost:55457/devtoo..., se:cdpVersion: 115.0.5790.110, setWindowRect: true, strictFileInteractability: false, timeouts: {implicit: 0, pageLoad: 300000, script: 30000}, unhandledPromptBehavior: accept, webauthn:extension:credBlob: true, webauthn:extension:largeBlob: true, webauthn:extension:minPinLength: true, webauthn:extension:prf: true, webauthn:virtualAuthenticators: true}\nSession ID: db53a47453da0178f9393b561d3e7415\r\n\tat jdk.internal.reflect.GeneratedConstructorAccessor14.newInstance(Unknown Source)\r\n\tat java.base/jdk.internal.reflect.DelegatingConstructorAccessorImpl.newInstance(DelegatingConstructorAccessorImpl.java:45)\r\n\tat java.base/java.lang.reflect.Constructor.newInstanceWithCaller(Constructor.java:499)\r\n\tat java.base/java.lang.reflect.Constructor.newInstance(Constructor.java:480)\r\n\tat org.openqa.selenium.remote.codec.w3c.W3CHttpResponseCodec.createException(W3CHttpResponseCodec.java:200)\r\n\tat org.openqa.selenium.remote.codec.w3c.W3CHttpResponseCodec.decode(W3CHttpResponseCodec.java:133)\r\n\tat org.openqa.selenium.remote.codec.w3c.W3CHttpResponseCodec.decode(W3CHttpResponseCodec.java:53)\r\n\tat org.openqa.selenium.remote.HttpCommandExecutor.execute(HttpCommandExecutor.java:184)\r\n\tat org.openqa.selenium.remote.service.DriverCommandExecutor.invokeExecute(DriverCommandExecutor.java:167)\r\n\tat org.openqa.selenium.remote.service.DriverCommandExecutor.execute(DriverCommandExecutor.java:142)\r\n\tat org.openqa.selenium.remote.RemoteWebDriver.execute(RemoteWebDriver.java:543)\r\n\tat org.openqa.selenium.remote.ElementLocation$ElementFinder$2.findElement(ElementLocation.java:162)\r\n\tat org.openqa.selenium.remote.ElementLocation.findElement(ElementLocation.java:60)\r\n\tat org.openqa.selenium.remote.RemoteWebDriver.findElement(RemoteWebDriver.java:352)\r\n\tat org.openqa.selenium.remote.RemoteWebDriver.findElement(RemoteWebDriver.java:344)\r\n\tat com.codeborne.selenide.impl.WebElementSelector.findElement(WebElementSelector.java:70)\r\n\tat com.codeborne.selenide.impl.WebElementSelector.findElement(WebElementSelector.java:44)\r\n\tat com.codeborne.selenide.impl.WebElementSelector.findElement(WebElementSelector.java:33)\r\n\tat com.codeborne.selenide.impl.ElementFinder.getWebElement(ElementFinder.java:122)\r\n\tat com.codeborne.selenide.impl.WebElementSource.checkConditionAndReturnElement(WebElementSource.java:113)\r\n\t... 37 more\r\n"},"stage":"finished","steps":[],"attachments":[],"parameters":[],"start":1692538877562,"stop":1692538882169}],"attachments":[],"parameters":[{"name":"arg1","value":"Barcelona"},{"name":"arg0","value":"Catalonia"}],"start":1692538845368,"stop":1692538882179}